<?xml version="1.0" encoding="UTF-8"?>
<testsuite xmlns:xsi="http://www.w3.org/2001/XMLSchema-instance" xsi:noNamespaceSchemaLocation="https://maven.apache.org/surefire/maven-surefire-plugin/xsd/surefire-test-report.xsd" version="3.0.2" name="com.northstar.funding.persistence.service.FundingProgramServiceTest" time="0.52" tests="23" errors="0" skipped="0" failures="0">
  <properties>
[...]
</properties>
  <testcase name="countByStatus_ShouldReturnCount" classname="com.northstar.funding.persistence.service.FundingProgramServiceTest" time="0.469">
    <system-err><![CDATA[Mockito is currently self-attaching to enable the inline-mock-maker. This will no longer work in future releases of the JDK. Please add Mockito as an agent to your build as described in Mockito's documentation: https://javadoc.io/doc/org.mockito/mockito-core/latest/org.mockito/org/mockito/Mockito.html#0.3
WARNING: A Java agent has been loaded dynamically (/Users/kevin/.m2/repository/net/bytebuddy/byte-buddy-agent/1.17.7/byte-buddy-agent-1.17.7.jar)
WARNING: If a serviceability tool is in use, please run with -XX:+EnableDynamicAgentLoading to hide this warning
WARNING: If a serviceability tool is not in use, please run with -Djdk.instrument.traceUsage for more information
WARNING: Dynamic loading of agents will be disallowed by default in a future release
]]></system-err>
  </testcase>
  <testcase name="deactivate_WhenProgramExists_ShouldDeactivate" classname="com.northstar.funding.persistence.service.FundingProgramServiceTest" time="0.004"/>
  <testcase name="getProgramsByStatus_ShouldReturnStatusPrograms" classname="com.northstar.funding.persistence.service.FundingProgramServiceTest" time="0.004"/>
  <testcase name="getProgramsByOrganization_ShouldReturnOrgPrograms" classname="com.northstar.funding.persistence.service.FundingProgramServiceTest" time="0.001"/>
  <testcase name="countActiveByOrganization_ShouldReturnCount" classname="com.northstar.funding.persistence.service.FundingProgramServiceTest" time="0.001"/>
  <testcase name="searchPrograms_ShouldReturnMatchingPrograms" classname="com.northstar.funding.persistence.service.FundingProgramServiceTest" time="0.001"/>
  <testcase name="findById_WhenExists_ShouldReturnProgram" classname="com.northstar.funding.persistence.service.FundingProgramServiceTest" time="0.001"/>
  <testcase name="getValidFundingOpportunities_ShouldReturnValidPrograms" classname="com.northstar.funding.persistence.service.FundingProgramServiceTest" time="0.001"/>
  <testcase name="updateStatus_WhenProgramExists_ShouldUpdateStatus" classname="com.northstar.funding.persistence.service.FundingProgramServiceTest" time="0.002"/>
  <testcase name="getProgramsByDomain_ShouldReturnDomainPrograms" classname="com.northstar.funding.persistence.service.FundingProgramServiceTest" time="0.0"/>
  <testcase name="registerProgram_WhenNew_ShouldCreateProgram" classname="com.northstar.funding.persistence.service.FundingProgramServiceTest" time="0.002"/>
  <testcase name="getHighConfidencePrograms_ShouldReturnHighConfidencePrograms" classname="com.northstar.funding.persistence.service.FundingProgramServiceTest" time="0.01"/>
  <testcase name="markAsValidFundingOpportunity_WhenProgramExists_ShouldMarkAsValid" classname="com.northstar.funding.persistence.service.FundingProgramServiceTest" time="0.002"/>
  <testcase name="updateStatus_WhenProgramNotFound_ShouldThrowException" classname="com.northstar.funding.persistence.service.FundingProgramServiceTest" time="0.001"/>
  <testcase name="updateDeadline_WhenProgramExists_ShouldUpdateDeadline" classname="com.northstar.funding.persistence.service.FundingProgramServiceTest" time="0.001"/>
  <testcase name="getRecurringPrograms_ShouldReturnRecurringPrograms" classname="com.northstar.funding.persistence.service.FundingProgramServiceTest" time="0.001"/>
  <testcase name="programExists_WhenExists_ShouldReturnTrue" classname="com.northstar.funding.persistence.service.FundingProgramServiceTest" time="0.001"/>
  <testcase name="markExpiredPrograms_ShouldUpdateExpiredPrograms" classname="com.northstar.funding.persistence.service.FundingProgramServiceTest" time="0.001"/>
  <testcase name="getProgramsWithUpcomingDeadlines_ShouldReturnUpcomingPrograms" classname="com.northstar.funding.persistence.service.FundingProgramServiceTest" time="0.0"/>
  <testcase name="getActivePrograms_ShouldReturnActivePrograms" classname="com.northstar.funding.persistence.service.FundingProgramServiceTest" time="0.0"/>
  <testcase name="registerProgram_WhenExists_ShouldReturnExisting" classname="com.northstar.funding.persistence.service.FundingProgramServiceTest" time="0.001"/>
  <testcase name="findByUrl_WhenExists_ShouldReturnProgram" classname="com.northstar.funding.persistence.service.FundingProgramServiceTest" time="0.001"/>
  <testcase name="markAsExpired_WhenProgramExists_ShouldMarkAsExpired" classname="com.northstar.funding.persistence.service.FundingProgramServiceTest" time="0.001"/>
</testsuite>