<?xml version="1.0" encoding="UTF-8"?>
<testsuite xmlns:xsi="http://www.w3.org/2001/XMLSchema-instance" xsi:noNamespaceSchemaLocation="https://maven.apache.org/surefire/maven-surefire-plugin/xsd/surefire-test-report.xsd" version="3.0.2" name="com.northstar.funding.persistence.repository.DomainRepositoryTest" time="1.418" tests="15" errors="0" skipped="0" failures="0">
  <properties>
[...]
</properties>
  <testcase name="testFindDomainsReadyForRetry" classname="com.northstar.funding.persistence.repository.DomainRepositoryTest" time="0.01">
    <system-out><![CDATA[2025-10-31T16:47:07.454+02:00  INFO 91559 --- [           main] t.c.s.AnnotationConfigContextLoaderUtils : Could not detect default configuration classes for test class [com.northstar.funding.persistence.repository.DomainRepositoryTest]: DomainRepositoryTest does not declare any static, non-private, non-final, nested classes annotated with @Configuration.
2025-10-31T16:47:07.457+02:00  INFO 91559 --- [           main] .b.t.c.SpringBootTestContextBootstrapper : Found @SpringBootConfiguration com.northstar.funding.persistence.TestDataJdbcConfiguration for test class com.northstar.funding.persistence.repository.DomainRepositoryTest
2025-10-31T16:47:07.457+02:00  INFO 91559 --- [           main] tc.postgres:16-alpine                    : Creating container for image: postgres:16-alpine
2025-10-31T16:47:07.502+02:00  INFO 91559 --- [           main] tc.postgres:16-alpine                    : Container postgres:16-alpine is starting: ccf7a193375ce9285a1c02878a15016b0f3eaf4330fff34e0a4c9959acb6a417
2025-10-31T16:47:08.269+02:00  INFO 91559 --- [           main] tc.postgres:16-alpine                    : Container postgres:16-alpine started in PT0.811584S
2025-10-31T16:47:08.269+02:00  INFO 91559 --- [           main] tc.postgres:16-alpine                    : Container is started (JDBC URL: jdbc:postgresql://localhost:64806/test?loggerLevel=OFF)

  .   ____          _            __ _ _
 /\\ / ___'_ __ _ _(_)_ __  __ _ \ \ \ \
( ( )\___ | '_ | '_| | '_ \/ _` | \ \ \ \
 \\/  ___)| |_)| | | | | || (_| |  ) ) ) )
  '  |____| .__|_| |_|_| |_\__, | / / / /
 =========|_|==============|___/=/_/_/_/

 :: Spring Boot ::                (v3.5.6)

2025-10-31T16:47:08.285+02:00  INFO 91559 --- [           main] c.n.f.p.repository.DomainRepositoryTest  : Starting DomainRepositoryTest using Java 25 with PID 91559 (started by kevin in /Users/kevin/github/northstar-funding/northstar-persistence)
2025-10-31T16:47:08.285+02:00  INFO 91559 --- [           main] c.n.f.p.repository.DomainRepositoryTest  : The following 1 profile is active: "postgres-test"
2025-10-31T16:47:08.307+02:00  INFO 91559 --- [           main] .s.d.r.c.RepositoryConfigurationDelegate : Bootstrapping Spring Data JDBC repositories in DEFAULT mode.
2025-10-31T16:47:08.315+02:00  INFO 91559 --- [           main] .s.d.r.c.RepositoryConfigurationDelegate : Finished Spring Data repository scanning in 7 ms. Found 9 JDBC repository interfaces.
2025-10-31T16:47:08.341+02:00  INFO 91559 --- [           main] com.zaxxer.hikari.HikariDataSource       : HikariPool-3 - Starting...
2025-10-31T16:47:08.350+02:00  INFO 91559 --- [           main] com.zaxxer.hikari.pool.HikariPool        : HikariPool-3 - Added connection org.postgresql.jdbc.PgConnection@ec70725
2025-10-31T16:47:08.350+02:00  INFO 91559 --- [           main] com.zaxxer.hikari.HikariDataSource       : HikariPool-3 - Start completed.
2025-10-31T16:47:08.350+02:00  INFO 91559 --- [           main] org.flywaydb.core.FlywayExecutor         : Database: jdbc:postgresql://localhost:64806/test?loggerLevel=OFF (PostgreSQL 16.8)
2025-10-31T16:47:08.357+02:00  INFO 91559 --- [           main] o.f.c.i.s.JdbcTableSchemaHistory         : Schema history table "public"."flyway_schema_history" does not exist yet
2025-10-31T16:47:08.357+02:00  INFO 91559 --- [           main] o.f.core.internal.command.DbValidate     : Successfully validated 17 migrations (execution time 00:00.003s)
2025-10-31T16:47:08.361+02:00  INFO 91559 --- [           main] o.f.c.i.s.JdbcTableSchemaHistory         : Creating Schema History table "public"."flyway_schema_history" ...
2025-10-31T16:47:08.375+02:00  INFO 91559 --- [           main] o.f.core.internal.command.DbMigrate      : Current version of schema "public": << Empty Schema >>
2025-10-31T16:47:08.377+02:00  INFO 91559 --- [           main] o.f.core.internal.command.DbMigrate      : Migrating schema "public" to version "1 - create funding source candidate"
2025-10-31T16:47:08.377+02:00  INFO 91559 --- [           main] o.f.c.i.s.DefaultSqlScriptExecutor       : DB: table "funding_source_candidate" does not exist, skipping
2025-10-31T16:47:08.394+02:00  INFO 91559 --- [           main] o.f.core.internal.command.DbMigrate      : Migrating schema "public" to version "2 - create contact intelligence"
2025-10-31T16:47:08.395+02:00  INFO 91559 --- [           main] o.f.c.i.s.DefaultSqlScriptExecutor       : DB: table "contact_intelligence" does not exist, skipping
2025-10-31T16:47:08.406+02:00  INFO 91559 --- [           main] o.f.core.internal.command.DbMigrate      : Migrating schema "public" to version "3 - create admin user"
2025-10-31T16:47:08.407+02:00  INFO 91559 --- [           main] o.f.c.i.s.DefaultSqlScriptExecutor       : DB: table "admin_user" does not exist, skipping
2025-10-31T16:47:08.421+02:00  INFO 91559 --- [           main] o.f.core.internal.command.DbMigrate      : Migrating schema "public" to version "4 - create discovery session"
2025-10-31T16:47:08.421+02:00  INFO 91559 --- [           main] o.f.c.i.s.DefaultSqlScriptExecutor       : DB: table "discovery_session" does not exist, skipping
2025-10-31T16:47:08.435+02:00  INFO 91559 --- [           main] o.f.core.internal.command.DbMigrate      : Migrating schema "public" to version "5 - create enhancement record"
2025-10-31T16:47:08.436+02:00  INFO 91559 --- [           main] o.f.c.i.s.DefaultSqlScriptExecutor       : DB: table "enhancement_record" does not exist, skipping
2025-10-31T16:47:08.458+02:00  INFO 91559 --- [           main] o.f.core.internal.command.DbMigrate      : Migrating schema "public" to version "6 - create indexes"
2025-10-31T16:47:08.475+02:00  INFO 91559 --- [           main] o.f.core.internal.command.DbMigrate      : Migrating schema "public" to version "7 - fix enhancement record constraint"
2025-10-31T16:47:08.481+02:00  INFO 91559 --- [           main] o.f.core.internal.command.DbMigrate      : Migrating schema "public" to version "8 - create domain"
2025-10-31T16:47:08.497+02:00  INFO 91559 --- [           main] o.f.core.internal.command.DbMigrate      : Migrating schema "public" to version "9 - update candidate status two phase"
2025-10-31T16:47:08.502+02:00  INFO 91559 --- [           main] o.f.core.internal.command.DbMigrate      : Migrating schema "public" to version "10 - create search queries table"
2025-10-31T16:47:08.512+02:00  INFO 91559 --- [           main] o.f.core.internal.command.DbMigrate      : Migrating schema "public" to version "11 - create search session statistics table"
2025-10-31T16:47:08.520+02:00  INFO 91559 --- [           main] o.f.core.internal.command.DbMigrate      : Migrating schema "public" to version "12 - extend discovery session for search"
2025-10-31T16:47:08.528+02:00  INFO 91559 --- [           main] o.f.core.internal.command.DbMigrate      : Migrating schema "public" to version "13 - create query generation sessions table"
2025-10-31T16:47:08.537+02:00  INFO 91559 --- [           main] o.f.core.internal.command.DbMigrate      : Migrating schema "public" to version "14 - create metadata judgments table"
2025-10-31T16:47:08.548+02:00  INFO 91559 --- [           main] o.f.core.internal.command.DbMigrate      : Migrating schema "public" to version "15 - create organization"
2025-10-31T16:47:08.557+02:00  INFO 91559 --- [           main] o.f.core.internal.command.DbMigrate      : Migrating schema "public" to version "16 - create funding program"
2025-10-31T16:47:08.568+02:00  INFO 91559 --- [           main] o.f.core.internal.command.DbMigrate      : Migrating schema "public" to version "17 - create search result"
2025-10-31T16:47:08.580+02:00  INFO 91559 --- [           main] o.f.core.internal.command.DbMigrate      : Successfully applied 17 migrations to schema "public", now at version v17 (execution time 00:00.129s)
2025-10-31T16:47:08.620+02:00  INFO 91559 --- [           main] c.n.f.p.repository.DomainRepositoryTest  : Started DomainRepositoryTest in 0.346 seconds (process running for 8.803)
]]></system-out>
  </testcase>
  <testcase name="testCountByStatus" classname="com.northstar.funding.persistence.repository.DomainRepositoryTest" time="0.005"/>
  <testcase name="testFindByStatus" classname="com.northstar.funding.persistence.repository.DomainRepositoryTest" time="0.006"/>
  <testcase name="testGetAverageConfidenceScore" classname="com.northstar.funding.persistence.repository.DomainRepositoryTest" time="0.006"/>
  <testcase name="testFindHighQualityDomains" classname="com.northstar.funding.persistence.repository.DomainRepositoryTest" time="0.005"/>
  <testcase name="testFindByBlacklistedBy" classname="com.northstar.funding.persistence.repository.DomainRepositoryTest" time="0.002"/>
  <testcase name="testGetTotalCandidateCount" classname="com.northstar.funding.persistence.repository.DomainRepositoryTest" time="0.003"/>
  <testcase name="testExistsByDomainName" classname="com.northstar.funding.persistence.repository.DomainRepositoryTest" time="0.003"/>
  <testcase name="testSearchByDomainNamePattern" classname="com.northstar.funding.persistence.repository.DomainRepositoryTest" time="0.005"/>
  <testcase name="testSaveAndFindByDomainName" classname="com.northstar.funding.persistence.repository.DomainRepositoryTest" time="0.003"/>
  <testcase name="testFindFrequentlyProcessedDomains" classname="com.northstar.funding.persistence.repository.DomainRepositoryTest" time="0.004"/>
  <testcase name="testFindByDiscoverySessionId" classname="com.northstar.funding.persistence.repository.DomainRepositoryTest" time="0.002"/>
  <testcase name="testFindNoFundsForYear" classname="com.northstar.funding.persistence.repository.DomainRepositoryTest" time="0.004"/>
  <testcase name="testFindLowQualityDomains" classname="com.northstar.funding.persistence.repository.DomainRepositoryTest" time="0.003"/>
  <testcase name="testFindRecentlyDiscovered" classname="com.northstar.funding.persistence.repository.DomainRepositoryTest" time="0.003"/>
</testsuite>