<?xml version="1.0" encoding="UTF-8"?>
<testsuite xmlns:xsi="http://www.w3.org/2001/XMLSchema-instance" xsi:noNamespaceSchemaLocation="https://maven.apache.org/surefire/maven-surefire-plugin/xsd/surefire-test-report.xsd" version="3.0.2" name="com.northstar.funding.persistence.repository.SearchResultRepositoryTest" time="1.41" tests="13" errors="0" skipped="0" failures="0">
  <properties>
[...]
</properties>
  <testcase name="testFindByDomain" classname="com.northstar.funding.persistence.repository.SearchResultRepositoryTest" time="0.017">
    <system-out><![CDATA[2025-10-31T16:47:08.873+02:00  INFO 91559 --- [           main] t.c.s.AnnotationConfigContextLoaderUtils : Could not detect default configuration classes for test class [com.northstar.funding.persistence.repository.SearchResultRepositoryTest]: SearchResultRepositoryTest does not declare any static, non-private, non-final, nested classes annotated with @Configuration.
2025-10-31T16:47:08.875+02:00  INFO 91559 --- [           main] .b.t.c.SpringBootTestContextBootstrapper : Found @SpringBootConfiguration com.northstar.funding.persistence.TestDataJdbcConfiguration for test class com.northstar.funding.persistence.repository.SearchResultRepositoryTest
2025-10-31T16:47:08.875+02:00  INFO 91559 --- [           main] tc.postgres:16-alpine                    : Creating container for image: postgres:16-alpine
2025-10-31T16:47:08.917+02:00  INFO 91559 --- [           main] tc.postgres:16-alpine                    : Container postgres:16-alpine is starting: f520956c241b7361039f4b224406e283942e524632b9c46a51bd0041d39291e4
2025-10-31T16:47:09.671+02:00  INFO 91559 --- [           main] tc.postgres:16-alpine                    : Container postgres:16-alpine started in PT0.795765S
2025-10-31T16:47:09.672+02:00  INFO 91559 --- [           main] tc.postgres:16-alpine                    : Container is started (JDBC URL: jdbc:postgresql://localhost:64823/test?loggerLevel=OFF)

  .   ____          _            __ _ _
 /\\ / ___'_ __ _ _(_)_ __  __ _ \ \ \ \
( ( )\___ | '_ | '_| | '_ \/ _` | \ \ \ \
 \\/  ___)| |_)| | | | | || (_| |  ) ) ) )
  '  |____| .__|_| |_|_| |_\__, | / / / /
 =========|_|==============|___/=/_/_/_/

 :: Spring Boot ::                (v3.5.6)

2025-10-31T16:47:09.685+02:00  INFO 91559 --- [           main] c.n.f.p.r.SearchResultRepositoryTest     : Starting SearchResultRepositoryTest using Java 25 with PID 91559 (started by kevin in /Users/kevin/github/northstar-funding/northstar-persistence)
2025-10-31T16:47:09.685+02:00  INFO 91559 --- [           main] c.n.f.p.r.SearchResultRepositoryTest     : The following 1 profile is active: "postgres-test"
2025-10-31T16:47:09.707+02:00  INFO 91559 --- [           main] .s.d.r.c.RepositoryConfigurationDelegate : Bootstrapping Spring Data JDBC repositories in DEFAULT mode.
2025-10-31T16:47:09.715+02:00  INFO 91559 --- [           main] .s.d.r.c.RepositoryConfigurationDelegate : Finished Spring Data repository scanning in 7 ms. Found 9 JDBC repository interfaces.
2025-10-31T16:47:09.739+02:00  INFO 91559 --- [           main] com.zaxxer.hikari.HikariDataSource       : HikariPool-4 - Starting...
2025-10-31T16:47:09.749+02:00  INFO 91559 --- [           main] com.zaxxer.hikari.pool.HikariPool        : HikariPool-4 - Added connection org.postgresql.jdbc.PgConnection@67cd193d
2025-10-31T16:47:09.749+02:00  INFO 91559 --- [           main] com.zaxxer.hikari.HikariDataSource       : HikariPool-4 - Start completed.
2025-10-31T16:47:09.749+02:00  INFO 91559 --- [           main] org.flywaydb.core.FlywayExecutor         : Database: jdbc:postgresql://localhost:64823/test?loggerLevel=OFF (PostgreSQL 16.8)
2025-10-31T16:47:09.757+02:00  INFO 91559 --- [           main] o.f.c.i.s.JdbcTableSchemaHistory         : Schema history table "public"."flyway_schema_history" does not exist yet
2025-10-31T16:47:09.757+02:00  INFO 91559 --- [           main] o.f.core.internal.command.DbValidate     : Successfully validated 17 migrations (execution time 00:00.003s)
2025-10-31T16:47:09.761+02:00  INFO 91559 --- [           main] o.f.c.i.s.JdbcTableSchemaHistory         : Creating Schema History table "public"."flyway_schema_history" ...
2025-10-31T16:47:09.773+02:00  INFO 91559 --- [           main] o.f.core.internal.command.DbMigrate      : Current version of schema "public": << Empty Schema >>
2025-10-31T16:47:09.775+02:00  INFO 91559 --- [           main] o.f.core.internal.command.DbMigrate      : Migrating schema "public" to version "1 - create funding source candidate"
2025-10-31T16:47:09.776+02:00  INFO 91559 --- [           main] o.f.c.i.s.DefaultSqlScriptExecutor       : DB: table "funding_source_candidate" does not exist, skipping
2025-10-31T16:47:09.793+02:00  INFO 91559 --- [           main] o.f.core.internal.command.DbMigrate      : Migrating schema "public" to version "2 - create contact intelligence"
2025-10-31T16:47:09.794+02:00  INFO 91559 --- [           main] o.f.c.i.s.DefaultSqlScriptExecutor       : DB: table "contact_intelligence" does not exist, skipping
2025-10-31T16:47:09.807+02:00  INFO 91559 --- [           main] o.f.core.internal.command.DbMigrate      : Migrating schema "public" to version "3 - create admin user"
2025-10-31T16:47:09.808+02:00  INFO 91559 --- [           main] o.f.c.i.s.DefaultSqlScriptExecutor       : DB: table "admin_user" does not exist, skipping
2025-10-31T16:47:09.822+02:00  INFO 91559 --- [           main] o.f.core.internal.command.DbMigrate      : Migrating schema "public" to version "4 - create discovery session"
2025-10-31T16:47:09.823+02:00  INFO 91559 --- [           main] o.f.c.i.s.DefaultSqlScriptExecutor       : DB: table "discovery_session" does not exist, skipping
2025-10-31T16:47:09.837+02:00  INFO 91559 --- [           main] o.f.core.internal.command.DbMigrate      : Migrating schema "public" to version "5 - create enhancement record"
2025-10-31T16:47:09.838+02:00  INFO 91559 --- [           main] o.f.c.i.s.DefaultSqlScriptExecutor       : DB: table "enhancement_record" does not exist, skipping
2025-10-31T16:47:09.854+02:00  INFO 91559 --- [           main] o.f.core.internal.command.DbMigrate      : Migrating schema "public" to version "6 - create indexes"
2025-10-31T16:47:09.869+02:00  INFO 91559 --- [           main] o.f.core.internal.command.DbMigrate      : Migrating schema "public" to version "7 - fix enhancement record constraint"
2025-10-31T16:47:09.874+02:00  INFO 91559 --- [           main] o.f.core.internal.command.DbMigrate      : Migrating schema "public" to version "8 - create domain"
2025-10-31T16:47:09.886+02:00  INFO 91559 --- [           main] o.f.core.internal.command.DbMigrate      : Migrating schema "public" to version "9 - update candidate status two phase"
2025-10-31T16:47:09.890+02:00  INFO 91559 --- [           main] o.f.core.internal.command.DbMigrate      : Migrating schema "public" to version "10 - create search queries table"
2025-10-31T16:47:09.900+02:00  INFO 91559 --- [           main] o.f.core.internal.command.DbMigrate      : Migrating schema "public" to version "11 - create search session statistics table"
2025-10-31T16:47:09.909+02:00  INFO 91559 --- [           main] o.f.core.internal.command.DbMigrate      : Migrating schema "public" to version "12 - extend discovery session for search"
2025-10-31T16:47:09.917+02:00  INFO 91559 --- [           main] o.f.core.internal.command.DbMigrate      : Migrating schema "public" to version "13 - create query generation sessions table"
2025-10-31T16:47:09.926+02:00  INFO 91559 --- [           main] o.f.core.internal.command.DbMigrate      : Migrating schema "public" to version "14 - create metadata judgments table"
2025-10-31T16:47:09.937+02:00  INFO 91559 --- [           main] o.f.core.internal.command.DbMigrate      : Migrating schema "public" to version "15 - create organization"
2025-10-31T16:47:09.946+02:00  INFO 91559 --- [           main] o.f.core.internal.command.DbMigrate      : Migrating schema "public" to version "16 - create funding program"
2025-10-31T16:47:09.956+02:00  INFO 91559 --- [           main] o.f.core.internal.command.DbMigrate      : Migrating schema "public" to version "17 - create search result"
2025-10-31T16:47:09.968+02:00  INFO 91559 --- [           main] o.f.core.internal.command.DbMigrate      : Successfully applied 17 migrations to schema "public", now at version v17 (execution time 00:00.125s)
2025-10-31T16:47:10.004+02:00  INFO 91559 --- [           main] c.n.f.p.r.SearchResultRepositoryTest     : Started SearchResultRepositoryTest in 0.329 seconds (process running for 10.187)
]]></system-out>
  </testcase>
  <testcase name="testExistsByDeduplicationKey" classname="com.northstar.funding.persistence.repository.SearchResultRepositoryTest" time="0.005"/>
  <testcase name="testFindRecentResults" classname="com.northstar.funding.persistence.repository.SearchResultRepositoryTest" time="0.006"/>
  <testcase name="testFindUnprocessedResults" classname="com.northstar.funding.persistence.repository.SearchResultRepositoryTest" time="0.008"/>
  <testcase name="testCountBySearchEngine" classname="com.northstar.funding.persistence.repository.SearchResultRepositoryTest" time="0.007"/>
  <testcase name="testFindByDomainAndSearchDate" classname="com.northstar.funding.persistence.repository.SearchResultRepositoryTest" time="0.009"/>
  <testcase name="testFindBySearchEngine" classname="com.northstar.funding.persistence.repository.SearchResultRepositoryTest" time="0.006"/>
  <testcase name="testFindByIsDuplicate" classname="com.northstar.funding.persistence.repository.SearchResultRepositoryTest" time="0.006"/>
  <testcase name="testSaveAndFindByDeduplicationKey" classname="com.northstar.funding.persistence.repository.SearchResultRepositoryTest" time="0.004"/>
  <testcase name="testCountDuplicatesBySession" classname="com.northstar.funding.persistence.repository.SearchResultRepositoryTest" time="0.006"/>
  <testcase name="testFindByDiscoverySessionId" classname="com.northstar.funding.persistence.repository.SearchResultRepositoryTest" time="0.006"/>
  <testcase name="testFindByUrl" classname="com.northstar.funding.persistence.repository.SearchResultRepositoryTest" time="0.006"/>
  <testcase name="testFindBySearchDate" classname="com.northstar.funding.persistence.repository.SearchResultRepositoryTest" time="0.006"/>
</testsuite>